<?xml version="1.0" encoding="UTF-8"?>
<!-- Generated by org.testng.reporters.JUnitReportReporter -->
<testsuite skipped="0" hostname="DESKTOP-D0UG65H" name="com.sel.test.OrangeHrm" tests="3" failures="0" timestamp="2021-11-16T16:18:26 IST" time="44.750" errors="0">
  <testcase name="launchApp" time="11.372" classname="com.sel.test.OrangeHrm"/>
  <system-out/>
  <testcase name="clickOnOrangeDemo" time="2.232" classname="com.sel.test.OrangeHrm"/>
  <system-out/>
  <testcase name="orangeDemoRegPage" time="31.146" classname="com.sel.test.OrangeHrm"/>
  <system-out/>
</testsuite> <!-- com.sel.test.OrangeHrm -->
